TN:
SF:/home/brittany/alchemy/career-track/lab-02-schemas/lib/Validator.js
FN:4,(anonymous_0)
FN:10,(anonymous_1)
FNF:2
FNH:2
FNDA:2,(anonymous_0)
FNDA:6,(anonymous_1)
DA:1,1
DA:5,2
DA:6,2
DA:7,2
DA:8,2
DA:11,6
DA:12,6
DA:13,1
DA:14,5
DA:16,4
DA:20,1
LF:11
LH:11
BRDA:12,0,0,1
BRDA:12,0,1,5
BRDA:12,1,0,6
BRDA:12,1,1,3
BRDA:14,2,0,1
BRDA:14,2,1,4
BRDA:14,3,0,5
BRDA:14,3,1,3
BRF:8
BRH:8
end_of_record
TN:
SF:/home/brittany/alchemy/career-track/lab-02-schemas/lib/types.js
FN:1,(anonymous_0)
FN:2,(anonymous_1)
FN:3,(anonymous_2)
FN:4,(anonymous_3)
FN:5,(anonymous_4)
FN:6,(anonymous_5)
FN:8,(anonymous_6)
FN:16,(anonymous_7)
FN:23,(anonymous_8)
FN:30,(anonymous_9)
FN:30,(anonymous_10)
FN:39,(anonymous_11)
FN:53,(anonymous_12)
FNF:13
FNH:13
FNDA:20,(anonymous_0)
FNDA:22,(anonymous_1)
FNDA:20,(anonymous_2)
FNDA:20,(anonymous_3)
FNDA:6,(anonymous_4)
FNDA:6,(anonymous_5)
FNDA:14,(anonymous_6)
FNDA:7,(anonymous_7)
FNDA:6,(anonymous_8)
FNDA:4,(anonymous_9)
FNDA:3,(anonymous_10)
FNDA:9,(anonymous_11)
FNDA:7,(anonymous_12)
DA:1,20
DA:2,22
DA:3,20
DA:4,20
DA:5,6
DA:6,6
DA:8,2
DA:9,14
DA:10,9
DA:11,7
DA:12,5
DA:13,2
DA:16,2
DA:17,7
DA:18,6
DA:19,6
DA:20,3
DA:23,2
DA:24,6
DA:25,4
DA:26,3
DA:27,2
DA:30,4
DA:31,3
DA:32,3
DA:34,2
DA:40,9
DA:41,9
DA:42,9
DA:43,9
DA:47,2
DA:53,2
DA:54,7
DA:56,6
DA:59,2
LF:35
LH:35
BRDA:5,0,0,6
BRDA:5,0,1,2
BRDA:9,1,0,5
BRDA:9,1,1,9
BRDA:10,2,0,2
BRDA:10,2,1,7
BRDA:11,3,0,2
BRDA:11,3,1,5
BRDA:12,4,0,3
BRDA:12,4,1,2
BRDA:17,5,0,1
BRDA:17,5,1,6
BRDA:19,6,0,3
BRDA:19,6,1,3
BRDA:24,7,0,2
BRDA:24,7,1,4
BRDA:25,8,0,1
BRDA:25,8,1,3
BRDA:26,9,0,1
BRDA:26,9,1,2
BRDA:54,10,0,1
BRDA:54,10,1,6
BRDA:56,11,0,6
BRDA:56,11,1,1
BRF:24
BRH:24
end_of_record
